<?xml version="1.0" encoding="UTF-8"?>
<testsuite name="br.com.acervo.service.ItemServiceTest" tests="7" skipped="0" failures="0" errors="0" timestamp="2026-04-27T03:54:19" hostname="DESKTOP-A4L6F0J" time="6.609">
  <properties/>
  <testcase name="listWithCategoryUsesRepository()" classname="br.com.acervo.service.ItemServiceTest" time="6.455"/>
  <testcase name="deleteBorrowedItemShouldMarkAsLostWhenJustified()" classname="br.com.acervo.service.ItemServiceTest" time="0.041"/>
  <testcase name="createGameWithoutConsoleShouldFail()" classname="br.com.acervo.service.ItemServiceTest" time="0.008"/>
  <testcase name="deleteAvailableItemShouldDeleteNormally()" classname="br.com.acervo.service.ItemServiceTest" time="0.011"/>
  <testcase name="emprestarLostItemShouldFail()" classname="br.com.acervo.service.ItemServiceTest" time="0.009"/>
  <testcase name="createAndLoanFlow()" classname="br.com.acervo.service.ItemServiceTest" time="0.033"/>
  <testcase name="deleteBorrowedItemWithoutJustificationShouldFail()" classname="br.com.acervo.service.ItemServiceTest" time="0.018"/>
  <system-out><![CDATA[]]></system-out>
  <system-err><![CDATA[WARNING: A Java agent has been loaded dynamically (C:\Users\User\.gradle\caches\modules-2\files-2.1\net.bytebuddy\byte-buddy-agent\1.14.10\90ed94ac044ea8953b224304c762316e91fd6b31\byte-buddy-agent-1.14.10.jar)
WARNING: If a serviceability tool is in use, please run with -XX:+EnableDynamicAgentLoading to hide this warning
WARNING: If a serviceability tool is not in use, please run with -Djdk.instrument.traceUsage for more information
WARNING: Dynamic loading of agents will be disallowed by default in a future release
]]></system-err>
</testsuite>
